<?xml version="1.0" encoding="UTF-8"?>
<testng-results skipped="0" failed="1" ignored="0" total="1" passed="0">
  <reporter-output>
  </reporter-output>
  <suite name="Default suite" duration-ms="21992" started-at="2017-12-23T20:22:44Z" finished-at="2017-12-23T20:23:06Z">
    <groups>
    </groups>
    <test name="Default test" duration-ms="21992" started-at="2017-12-23T20:22:44Z" finished-at="2017-12-23T20:23:06Z">
      <class name="AppiumTest.AppiumTest1.App">
        <test-method status="PASS" signature="setUp()[pri:0, instance:AppiumTest.AppiumTest1.App@4cf777e8]" name="setUp" is-config="true" duration-ms="12090" started-at="2017-12-24T01:52:44Z" finished-at="2017-12-24T01:52:56Z">
          <reporter-output>
          </reporter-output>
        </test-method> <!-- setUp -->
        <test-method status="FAIL" signature="testCal()[pri:0, instance:AppiumTest.AppiumTest1.App@4cf777e8]" name="testCal" duration-ms="7876" started-at="2017-12-24T01:52:56Z" finished-at="2017-12-24T01:53:04Z">
          <exception class="org.openqa.selenium.NoSuchElementException">
            <message>
              <![CDATA[An element could not be located on the page using the given search parameters. (WARNING: The server did not provide any stacktrace information)
Command duration or timeout: 0 milliseconds
For documentation on this error, please visit: http://seleniumhq.org/exceptions/no_such_element.html
Build info: version: '3.5.3', revision: 'a88d25fe6b', time: '2017-08-29T12:42:44.417Z'
System info: host: 'DESKTOP-9UQGMJ6', ip: '192.168.142.1', os.name: 'Windows 10', os.arch: 'amd64', os.version: '10.0', java.version: '1.8.0_144'
Driver info: org.openqa.selenium.remote.RemoteWebDriver
Capabilities [{appPackage=com.vector.guru99, deviceScreenSize=1080x1920, networkConnectionEnabled=true, warnings={}, databaseEnabled=false, deviceName=emulator-5554, platform=LINUX, deviceUDID=emulator-5554, appActivity=com.vector.guru99.BaseActivity, desired={appPackage=com.vector.guru99, appActivity=com.vector.guru99.BaseActivity, BROWSER_NAME=Android, VERSION=6.0, platformName=Android, deviceName=Automation_Test}, BROWSER_NAME=Android, platformVersion=6.0, webStorageEnabled=false, locationContextEnabled=false, VERSION=6.0, takesScreenshot=true, javascriptEnabled=true, deviceModel=Android SDK built for x86, deviceManufacturer=unknown, platformName=LINUX}]
Session ID: c9c15f43-528b-47ff-a6a2-84b3d591781a
*** Element info: {Using=id, value=com.tutorialspoint.onlineviewer:id/edittext}]]>
            </message>
            <full-stacktrace>
              <![CDATA[org.openqa.selenium.NoSuchElementException: An element could not be located on the page using the given search parameters. (WARNING: The server did not provide any stacktrace information)
Command duration or timeout: 0 milliseconds
For documentation on this error, please visit: http://seleniumhq.org/exceptions/no_such_element.html
Build info: version: '3.5.3', revision: 'a88d25fe6b', time: '2017-08-29T12:42:44.417Z'
System info: host: 'DESKTOP-9UQGMJ6', ip: '192.168.142.1', os.name: 'Windows 10', os.arch: 'amd64', os.version: '10.0', java.version: '1.8.0_144'
Driver info: org.openqa.selenium.remote.RemoteWebDriver
Capabilities [{appPackage=com.vector.guru99, deviceScreenSize=1080x1920, networkConnectionEnabled=true, warnings={}, databaseEnabled=false, deviceName=emulator-5554, platform=LINUX, deviceUDID=emulator-5554, appActivity=com.vector.guru99.BaseActivity, desired={appPackage=com.vector.guru99, appActivity=com.vector.guru99.BaseActivity, BROWSER_NAME=Android, VERSION=6.0, platformName=Android, deviceName=Automation_Test}, BROWSER_NAME=Android, platformVersion=6.0, webStorageEnabled=false, locationContextEnabled=false, VERSION=6.0, takesScreenshot=true, javascriptEnabled=true, deviceModel=Android SDK built for x86, deviceManufacturer=unknown, platformName=LINUX}]
Session ID: c9c15f43-528b-47ff-a6a2-84b3d591781a
*** Element info: {Using=id, value=com.tutorialspoint.onlineviewer:id/edittext}
	at sun.reflect.NativeConstructorAccessorImpl.newInstance0(Native Method)
	at sun.reflect.NativeConstructorAccessorImpl.newInstance(Unknown Source)
	at sun.reflect.DelegatingConstructorAccessorImpl.newInstance(Unknown Source)
	at java.lang.reflect.Constructor.newInstance(Unknown Source)
	at org.openqa.selenium.remote.ErrorHandler.createThrowable(ErrorHandler.java:215)
	at org.openqa.selenium.remote.ErrorHandler.throwIfResponseFailed(ErrorHandler.java:167)
	at org.openqa.selenium.remote.http.JsonHttpResponseCodec.reconstructValue(JsonHttpResponseCodec.java:40)
	at org.openqa.selenium.remote.http.AbstractHttpResponseCodec.decode(AbstractHttpResponseCodec.java:82)
	at org.openqa.selenium.remote.http.AbstractHttpResponseCodec.decode(AbstractHttpResponseCodec.java:45)
	at org.openqa.selenium.remote.HttpCommandExecutor.execute(HttpCommandExecutor.java:164)
	at org.openqa.selenium.remote.RemoteWebDriver.execute(RemoteWebDriver.java:646)
	at org.openqa.selenium.remote.RemoteWebDriver.findElement(RemoteWebDriver.java:416)
	at org.openqa.selenium.remote.RemoteWebDriver.findElementById(RemoteWebDriver.java:462)
	at org.openqa.selenium.By$ById.findElement(By.java:218)
	at org.openqa.selenium.remote.RemoteWebDriver.findElement(RemoteWebDriver.java:408)
	at AppiumTest.AppiumTest1.App.testCal(App.java:46)
	at sun.reflect.NativeMethodAccessorImpl.invoke0(Native Method)
	at sun.reflect.NativeMethodAccessorImpl.invoke(Unknown Source)
	at sun.reflect.DelegatingMethodAccessorImpl.invoke(Unknown Source)
	at java.lang.reflect.Method.invoke(Unknown Source)
	at org.testng.internal.MethodInvocationHelper.invokeMethod(MethodInvocationHelper.java:108)
	at org.testng.internal.Invoker.invokeMethod(Invoker.java:669)
	at org.testng.internal.Invoker.invokeTestMethod(Invoker.java:877)
	at org.testng.internal.Invoker.invokeTestMethods(Invoker.java:1201)
	at org.testng.internal.TestMethodWorker.invokeTestMethods(TestMethodWorker.java:125)
	at org.testng.internal.TestMethodWorker.run(TestMethodWorker.java:109)
	at org.testng.TestRunner.privateRun(TestRunner.java:776)
	at org.testng.TestRunner.run(TestRunner.java:634)
	at org.testng.SuiteRunner.runTest(SuiteRunner.java:425)
	at org.testng.SuiteRunner.runSequentially(SuiteRunner.java:420)
	at org.testng.SuiteRunner.privateRun(SuiteRunner.java:385)
	at org.testng.SuiteRunner.run(SuiteRunner.java:334)
	at org.testng.SuiteRunnerWorker.runSuite(SuiteRunnerWorker.java:52)
	at org.testng.SuiteRunnerWorker.run(SuiteRunnerWorker.java:86)
	at org.testng.TestNG.runSuitesSequentially(TestNG.java:1318)
	at org.testng.TestNG.runSuitesLocally(TestNG.java:1243)
	at org.testng.TestNG.runSuites(TestNG.java:1161)
	at org.testng.TestNG.run(TestNG.java:1129)
	at org.testng.remote.AbstractRemoteTestNG.run(AbstractRemoteTestNG.java:114)
	at org.testng.remote.RemoteTestNG.initAndRun(RemoteTestNG.java:251)
	at org.testng.remote.RemoteTestNG.main(RemoteTestNG.java:77)
]]>
            </full-stacktrace>
          </exception> <!-- org.openqa.selenium.NoSuchElementException -->
          <reporter-output>
          </reporter-output>
        </test-method> <!-- testCal -->
        <test-method status="PASS" signature="teardown()[pri:0, instance:AppiumTest.AppiumTest1.App@4cf777e8]" name="teardown" is-config="true" duration-ms="2000" started-at="2017-12-24T01:53:04Z" finished-at="2017-12-24T01:53:06Z">
          <reporter-output>
          </reporter-output>
        </test-method> <!-- teardown -->
      </class> <!-- AppiumTest.AppiumTest1.App -->
    </test> <!-- Default test -->
  </suite> <!-- Default suite -->
</testng-results>
